<?xml version="1.0" encoding="UTF-8"?>
<!-- Generated by org.testng.reporters.JUnitXMLReporter -->
<testsuite ignored="0" hostname="NishaAbishek" failures="0" tests="6" name="Test" time="75.774" errors="0" timestamp="2023-07-16T01:53:26 EDT">
  <testcase classname="com.naveenautomationlabs.NaveenAutomationFramework.Tests.MyWishListTest" name="validateItemsCanRemoveFromWishList" time="20.449"/>
  <testcase classname="com.naveenautomationlabs.NaveenAutomationFramework.Tests.MyAccountTest" name="validateLoginToPortalAfterRegistration" time="3.659"/>
  <testcase classname="com.naveenautomationlabs.NaveenAutomationFramework.Tests.MyAccountTest" name="validateLoginWithValidCredential" time="1.814"/>
  <testcase classname="com.naveenautomationlabs.NaveenAutomationFramework.Tests.MyAccountTest" name="validateMyAccountPage" time="1.795"/>
  <testcase classname="com.naveenautomationlabs.NaveenAutomationFramework.Tests.MacBookTest" name="validateMacBookPage" time="1.196"/>
  <testcase classname="com.naveenautomationlabs.NaveenAutomationFramework.Tests.LaptopsAndNotebooksTest" name="validateWhishListCount" time="18.434"/>
</testsuite> <!-- Test -->
