-------------------------------------------------------------------------------
Test set: TestSuite
-------------------------------------------------------------------------------
Tests run: 18, Failures: 4, Errors: 0, Skipped: 14, Time elapsed: 0.54 s <<< FAILURE! - in TestSuite
setUp(com.naveenautomationlabs.NaveenAutomationFramework.Tests.LaptopsAndNotebooksTest)  Time elapsed: 0.371 s  <<< FAILURE!
java.lang.NullPointerException
	at com.naveenautomationlabs.NaveenAutomationFramework.Tests.LaptopsAndNotebooksTest.setUp(LaptopsAndNotebooksTest.java:22)

setUp(com.naveenautomationlabs.NaveenAutomationFramework.Tests.MacBookTest)  Time elapsed: 0.375 s  <<< FAILURE!
java.lang.NullPointerException
	at com.naveenautomationlabs.NaveenAutomationFramework.Tests.MacBookTest.setUp(MacBookTest.java:18)

setUp(com.naveenautomationlabs.NaveenAutomationFramework.Tests.MyAccountTest)  Time elapsed: 0.377 s  <<< FAILURE!
java.lang.NullPointerException
	at com.naveenautomationlabs.NaveenAutomationFramework.Tests.MyAccountTest.setUp(MyAccountTest.java:24)

setUp(com.naveenautomationlabs.NaveenAutomationFramework.Tests.MyWishListTest)  Time elapsed: 0.382 s  <<< FAILURE!
java.lang.NullPointerException
	at com.naveenautomationlabs.NaveenAutomationFramework.Tests.MyWishListTest.setUp(MyWishListTest.java:25)

