<?xml version="1.0" encoding="UTF-8"?>
<testng-results ignored="0" total="6" passed="6" failed="0" skipped="0">
  <reporter-output>
  </reporter-output>
  <suite started-at="2023-07-16T01:52:10 EDT" name="Suite" finished-at="2023-07-16T01:53:26 EDT" duration-ms="75774">
    <groups>
    </groups>
    <test started-at="2023-07-16T01:52:10 EDT" name="Test" finished-at="2023-07-16T01:53:26 EDT" duration-ms="75774">
      <class name="com.naveenautomationlabs.NaveenAutomationFramework.Tests.MacBookTest">
        <test-method is-config="true" signature="setUpLogger()[pri:0, instance:com.naveenautomationlabs.NaveenAutomationFramework.Tests.MacBookTest@2ed2d9cb]" started-at="2023-07-16T01:52:57 EDT" name="setUpLogger" finished-at="2023-07-16T01:52:57 EDT" duration-ms="2" status="PASS">
          <reporter-output>
          </reporter-output>
        </test-method> <!-- setUpLogger -->
        <test-method is-config="true" signature="setUp()[pri:0, instance:com.naveenautomationlabs.NaveenAutomationFramework.Tests.MacBookTest@2ed2d9cb]" started-at="2023-07-16T01:52:57 EDT" name="setUp" finished-at="2023-07-16T01:53:02 EDT" duration-ms="4374" status="PASS">
          <reporter-output>
          </reporter-output>
        </test-method> <!-- setUp -->
        <test-method signature="validateMacBookPage()[pri:0, instance:com.naveenautomationlabs.NaveenAutomationFramework.Tests.MacBookTest@2ed2d9cb]" started-at="2023-07-16T01:53:02 EDT" name="validateMacBookPage" finished-at="2023-07-16T01:53:03 EDT" duration-ms="1196" status="PASS">
          <reporter-output>
          </reporter-output>
        </test-method> <!-- validateMacBookPage -->
        <test-method is-config="true" signature="quit()[pri:0, instance:com.naveenautomationlabs.NaveenAutomationFramework.Tests.MacBookTest@2ed2d9cb]" started-at="2023-07-16T01:53:03 EDT" name="quit" finished-at="2023-07-16T01:53:03 EDT" duration-ms="169" status="PASS">
          <reporter-output>
          </reporter-output>
        </test-method> <!-- quit -->
      </class> <!-- com.naveenautomationlabs.NaveenAutomationFramework.Tests.MacBookTest -->
      <class name="com.naveenautomationlabs.NaveenAutomationFramework.Tests.LaptopsAndNotebooksTest">
        <test-method is-config="true" signature="setUpLogger()[pri:0, instance:com.naveenautomationlabs.NaveenAutomationFramework.Tests.LaptopsAndNotebooksTest@d5b810e]" started-at="2023-07-16T01:53:03 EDT" name="setUpLogger" finished-at="2023-07-16T01:53:03 EDT" duration-ms="3" status="PASS">
          <reporter-output>
          </reporter-output>
        </test-method> <!-- setUpLogger -->
        <test-method is-config="true" signature="setUp()[pri:0, instance:com.naveenautomationlabs.NaveenAutomationFramework.Tests.LaptopsAndNotebooksTest@d5b810e]" started-at="2023-07-16T01:53:03 EDT" name="setUp" finished-at="2023-07-16T01:53:07 EDT" duration-ms="4175" status="PASS">
          <reporter-output>
          </reporter-output>
        </test-method> <!-- setUp -->
        <test-method signature="validateWhishListCount()[pri:0, instance:com.naveenautomationlabs.NaveenAutomationFramework.Tests.LaptopsAndNotebooksTest@d5b810e]" started-at="2023-07-16T01:53:07 EDT" name="validateWhishListCount" finished-at="2023-07-16T01:53:26 EDT" duration-ms="18434" status="PASS">
          <reporter-output>
          </reporter-output>
        </test-method> <!-- validateWhishListCount -->
        <test-method is-config="true" signature="quit()[pri:0, instance:com.naveenautomationlabs.NaveenAutomationFramework.Tests.LaptopsAndNotebooksTest@d5b810e]" started-at="2023-07-16T01:53:26 EDT" name="quit" finished-at="2023-07-16T01:53:26 EDT" duration-ms="195" status="PASS">
          <reporter-output>
          </reporter-output>
        </test-method> <!-- quit -->
      </class> <!-- com.naveenautomationlabs.NaveenAutomationFramework.Tests.LaptopsAndNotebooksTest -->
      <class name="com.naveenautomationlabs.NaveenAutomationFramework.Tests.MyAccountTest">
        <test-method is-config="true" signature="setUpLogger()[pri:0, instance:com.naveenautomationlabs.NaveenAutomationFramework.Tests.MyAccountTest@6392827e]" started-at="2023-07-16T01:52:37 EDT" name="setUpLogger" finished-at="2023-07-16T01:52:37 EDT" duration-ms="3" status="PASS">
          <reporter-output>
          </reporter-output>
        </test-method> <!-- setUpLogger -->
        <test-method is-config="true" signature="setUp()[pri:0, instance:com.naveenautomationlabs.NaveenAutomationFramework.Tests.MyAccountTest@6392827e]" started-at="2023-07-16T01:52:37 EDT" name="setUp" finished-at="2023-07-16T01:52:41 EDT" duration-ms="4242" status="PASS">
          <reporter-output>
          </reporter-output>
        </test-method> <!-- setUp -->
        <test-method signature="validateLoginToPortalAfterRegistration()[pri:0, instance:com.naveenautomationlabs.NaveenAutomationFramework.Tests.MyAccountTest@6392827e]" started-at="2023-07-16T01:52:41 EDT" name="validateLoginToPortalAfterRegistration" finished-at="2023-07-16T01:52:45 EDT" duration-ms="3659" status="PASS">
          <reporter-output>
          </reporter-output>
        </test-method> <!-- validateLoginToPortalAfterRegistration -->
        <test-method is-config="true" signature="quit()[pri:0, instance:com.naveenautomationlabs.NaveenAutomationFramework.Tests.MyAccountTest@6392827e]" started-at="2023-07-16T01:52:45 EDT" name="quit" finished-at="2023-07-16T01:52:45 EDT" duration-ms="184" status="PASS">
          <reporter-output>
          </reporter-output>
        </test-method> <!-- quit -->
        <test-method is-config="true" signature="setUp()[pri:0, instance:com.naveenautomationlabs.NaveenAutomationFramework.Tests.MyAccountTest@6392827e]" started-at="2023-07-16T01:52:45 EDT" name="setUp" finished-at="2023-07-16T01:52:49 EDT" duration-ms="4199" status="PASS">
          <reporter-output>
          </reporter-output>
        </test-method> <!-- setUp -->
        <test-method signature="validateLoginWithValidCredential()[pri:0, instance:com.naveenautomationlabs.NaveenAutomationFramework.Tests.MyAccountTest@6392827e]" started-at="2023-07-16T01:52:49 EDT" name="validateLoginWithValidCredential" finished-at="2023-07-16T01:52:51 EDT" duration-ms="1814" status="PASS">
          <reporter-output>
          </reporter-output>
        </test-method> <!-- validateLoginWithValidCredential -->
        <test-method is-config="true" signature="quit()[pri:0, instance:com.naveenautomationlabs.NaveenAutomationFramework.Tests.MyAccountTest@6392827e]" started-at="2023-07-16T01:52:51 EDT" name="quit" finished-at="2023-07-16T01:52:51 EDT" duration-ms="166" status="PASS">
          <reporter-output>
          </reporter-output>
        </test-method> <!-- quit -->
        <test-method is-config="true" signature="setUp()[pri:0, instance:com.naveenautomationlabs.NaveenAutomationFramework.Tests.MyAccountTest@6392827e]" started-at="2023-07-16T01:52:51 EDT" name="setUp" finished-at="2023-07-16T01:52:55 EDT" duration-ms="4189" status="PASS">
          <reporter-output>
          </reporter-output>
        </test-method> <!-- setUp -->
        <test-method signature="validateMyAccountPage()[pri:0, instance:com.naveenautomationlabs.NaveenAutomationFramework.Tests.MyAccountTest@6392827e]" started-at="2023-07-16T01:52:55 EDT" name="validateMyAccountPage" finished-at="2023-07-16T01:52:57 EDT" duration-ms="1795" status="PASS">
          <reporter-output>
          </reporter-output>
        </test-method> <!-- validateMyAccountPage -->
        <test-method is-config="true" signature="quit()[pri:0, instance:com.naveenautomationlabs.NaveenAutomationFramework.Tests.MyAccountTest@6392827e]" started-at="2023-07-16T01:52:57 EDT" name="quit" finished-at="2023-07-16T01:52:57 EDT" duration-ms="178" status="PASS">
          <reporter-output>
          </reporter-output>
        </test-method> <!-- quit -->
      </class> <!-- com.naveenautomationlabs.NaveenAutomationFramework.Tests.MyAccountTest -->
      <class name="com.naveenautomationlabs.NaveenAutomationFramework.Tests.MyWishListTest">
        <test-method is-config="true" signature="setUpLogger()[pri:0, instance:com.naveenautomationlabs.NaveenAutomationFramework.Tests.MyWishListTest@1b2abca6]" started-at="2023-07-16T01:52:10 EDT" name="setUpLogger" finished-at="2023-07-16T01:52:10 EDT" duration-ms="26" status="PASS">
          <reporter-output>
          </reporter-output>
        </test-method> <!-- setUpLogger -->
        <test-method is-config="true" signature="setUp()[pri:0, instance:com.naveenautomationlabs.NaveenAutomationFramework.Tests.MyWishListTest@1b2abca6]" started-at="2023-07-16T01:52:10 EDT" name="setUp" finished-at="2023-07-16T01:52:16 EDT" duration-ms="5820" status="PASS">
          <reporter-output>
          </reporter-output>
        </test-method> <!-- setUp -->
        <test-method signature="validateItemsCanRemoveFromWishList()[pri:0, instance:com.naveenautomationlabs.NaveenAutomationFramework.Tests.MyWishListTest@1b2abca6]" started-at="2023-07-16T01:52:16 EDT" name="validateItemsCanRemoveFromWishList" finished-at="2023-07-16T01:52:37 EDT" duration-ms="20449" status="PASS">
          <reporter-output>
          </reporter-output>
        </test-method> <!-- validateItemsCanRemoveFromWishList -->
        <test-method is-config="true" signature="quit()[pri:0, instance:com.naveenautomationlabs.NaveenAutomationFramework.Tests.MyWishListTest@1b2abca6]" started-at="2023-07-16T01:52:37 EDT" name="quit" finished-at="2023-07-16T01:52:37 EDT" duration-ms="298" status="PASS">
          <reporter-output>
          </reporter-output>
        </test-method> <!-- quit -->
      </class> <!-- com.naveenautomationlabs.NaveenAutomationFramework.Tests.MyWishListTest -->
    </test> <!-- Test -->
  </suite> <!-- Suite -->
</testng-results>
